<?xml version="1.0" encoding="UTF-8"?>
<testng-results ignored="0" total="12" passed="11" failed="1" skipped="0">
  <reporter-output>
  </reporter-output>
  <suite started-at="2022-07-22T00:59:54 IST" name="Suite" finished-at="2022-07-22T01:00:14 IST" duration-ms="20059">
    <groups>
    </groups>
    <test started-at="2022-07-22T00:59:54 IST" name="Test" finished-at="2022-07-22T01:00:14 IST" duration-ms="20059">
      <class name="restAssuredApiTest.RestassuredTestApi">
        <test-method signature="getecomdetails()[pri:0, instance:restAssuredApiTest.RestassuredTestApi@6e171cd7]" started-at="2022-07-22T00:59:54 IST" name="getecomdetails" finished-at="2022-07-22T01:00:05 IST" duration-ms="10216" status="PASS">
          <reporter-output>
          </reporter-output>
        </test-method> <!-- getecomdetails -->
        <test-method signature="listdetails()[pri:0, instance:restAssuredApiTest.RestassuredTestApi@6e171cd7]" started-at="2022-07-22T01:00:05 IST" name="listdetails" finished-at="2022-07-22T01:00:06 IST" duration-ms="1759" status="PASS">
          <reporter-output>
          </reporter-output>
        </test-method> <!-- listdetails -->
      </class> <!-- restAssuredApiTest.RestassuredTestApi -->
      <class name="AllApitypes.AllapiModeltests">
        <test-method signature="BearerAuth()[pri:0, instance:AllApitypes.AllapiModeltests@42e99e4a]" started-at="2022-07-22T01:00:06 IST" name="BearerAuth" finished-at="2022-07-22T01:00:07 IST" duration-ms="578" status="PASS">
          <reporter-output>
          </reporter-output>
        </test-method> <!-- BearerAuth -->
        <test-method signature="DigestAuth()[pri:0, instance:AllApitypes.AllapiModeltests@42e99e4a]" started-at="2022-07-22T01:00:07 IST" name="DigestAuth" finished-at="2022-07-22T01:00:08 IST" duration-ms="745" status="PASS">
          <reporter-output>
          </reporter-output>
        </test-method> <!-- DigestAuth -->
        <test-method signature="GetCacheResponse()[pri:0, instance:AllApitypes.AllapiModeltests@42e99e4a]" started-at="2022-07-22T01:00:08 IST" name="GetCacheResponse" finished-at="2022-07-22T01:00:08 IST" duration-ms="460" status="PASS">
          <reporter-output>
          </reporter-output>
        </test-method> <!-- GetCacheResponse -->
        <test-method signature="GetIPadress()[pri:0, instance:AllApitypes.AllapiModeltests@42e99e4a]" started-at="2022-07-22T01:00:08 IST" name="GetIPadress" finished-at="2022-07-22T01:00:09 IST" duration-ms="475" status="PASS">
          <reporter-output>
          </reporter-output>
        </test-method> <!-- GetIPadress -->
        <test-method signature="Gogglemapapi()[pri:0, instance:AllApitypes.AllapiModeltests@42e99e4a]" started-at="2022-07-22T01:00:09 IST" name="Gogglemapapi" finished-at="2022-07-22T01:00:09 IST" duration-ms="648" status="PASS">
          <reporter-output>
          </reporter-output>
        </test-method> <!-- Gogglemapapi -->
        <test-method signature="Postrequest()[pri:0, instance:AllApitypes.AllapiModeltests@42e99e4a]" started-at="2022-07-22T01:00:09 IST" name="Postrequest" finished-at="2022-07-22T01:00:11 IST" duration-ms="1249" status="PASS">
          <reporter-output>
          </reporter-output>
        </test-method> <!-- Postrequest -->
        <test-method signature="basicauthcrack()[pri:0, instance:AllApitypes.AllapiModeltests@42e99e4a]" started-at="2022-07-22T01:00:11 IST" name="basicauthcrack" finished-at="2022-07-22T01:00:11 IST" duration-ms="898" status="PASS">
          <reporter-output>
          </reporter-output>
        </test-method> <!-- basicauthcrack -->
        <test-method signature="googlemaplist()[pri:0, instance:AllApitypes.AllapiModeltests@42e99e4a]" started-at="2022-07-22T01:00:11 IST" name="googlemaplist" finished-at="2022-07-22T01:00:12 IST" duration-ms="492" status="PASS">
          <reporter-output>
          </reporter-output>
        </test-method> <!-- googlemaplist -->
      </class> <!-- AllApitypes.AllapiModeltests -->
      <class name="restAssuredApiTest.RestAssuredApi">
        <test-method signature="PostApiDeatails()[pri:0, instance:restAssuredApiTest.RestAssuredApi@52e6fdee]" started-at="2022-07-22T01:00:13 IST" name="PostApiDeatails" finished-at="2022-07-22T01:00:14 IST" duration-ms="1130" status="FAIL">
          <exception class="java.lang.AssertionError">
            <message>
              <![CDATA[expected [200] but found [429]]]>
            </message>
            <full-stacktrace>
              <![CDATA[java.lang.AssertionError: expected [200] but found [429]
at org.testng.Assert.fail(Assert.java:110)
at org.testng.Assert.failNotEquals(Assert.java:1413)
at org.testng.Assert.assertEqualsImpl(Assert.java:149)
at org.testng.Assert.assertEquals(Assert.java:131)
at org.testng.Assert.assertEquals(Assert.java:1240)
at org.testng.Assert.assertEquals(Assert.java:1274)
at restAssuredApiTest.RestAssuredApi.PostApiDeatails(RestAssuredApi.java:35)
at java.base/jdk.internal.reflect.NativeMethodAccessorImpl.invoke0(Native Method)
at java.base/jdk.internal.reflect.NativeMethodAccessorImpl.invoke(NativeMethodAccessorImpl.java:77)
at java.base/jdk.internal.reflect.DelegatingMethodAccessorImpl.invoke(DelegatingMethodAccessorImpl.java:43)
at java.base/java.lang.reflect.Method.invoke(Method.java:568)
at org.testng.internal.invokers.MethodInvocationHelper.invokeMethod(MethodInvocationHelper.java:135)
at org.testng.internal.invokers.TestInvoker.invokeMethod(TestInvoker.java:673)
at org.testng.internal.invokers.TestInvoker.invokeTestMethod(TestInvoker.java:220)
at org.testng.internal.invokers.MethodRunner.runInSequence(MethodRunner.java:50)
at org.testng.internal.invokers.TestInvoker$MethodInvocationAgent.invoke(TestInvoker.java:945)
at org.testng.internal.invokers.TestInvoker.invokeTestMethods(TestInvoker.java:193)
at org.testng.internal.invokers.TestMethodWorker.invokeTestMethods(TestMethodWorker.java:146)
at org.testng.internal.invokers.TestMethodWorker.run(TestMethodWorker.java:128)
at java.base/java.util.ArrayList.forEach(ArrayList.java:1511)
at org.testng.TestRunner.privateRun(TestRunner.java:808)
at org.testng.TestRunner.run(TestRunner.java:603)
at org.testng.SuiteRunner.runTest(SuiteRunner.java:429)
at org.testng.SuiteRunner.runSequentially(SuiteRunner.java:423)
at org.testng.SuiteRunner.privateRun(SuiteRunner.java:383)
at org.testng.SuiteRunner.run(SuiteRunner.java:326)
at org.testng.SuiteRunnerWorker.runSuite(SuiteRunnerWorker.java:52)
at org.testng.SuiteRunnerWorker.run(SuiteRunnerWorker.java:95)
at org.testng.TestNG.runSuitesSequentially(TestNG.java:1249)
at org.testng.TestNG.runSuitesLocally(TestNG.java:1169)
at org.testng.TestNG.runSuites(TestNG.java:1092)
at org.testng.TestNG.run(TestNG.java:1060)
at org.apache.maven.surefire.testng.TestNGExecutor.run(TestNGExecutor.java:283)
at org.apache.maven.surefire.testng.TestNGXmlTestSuite.execute(TestNGXmlTestSuite.java:75)
at org.apache.maven.surefire.testng.TestNGProvider.invoke(TestNGProvider.java:120)
at org.apache.maven.surefire.booter.ForkedBooter.invokeProviderInSameClassLoader(ForkedBooter.java:384)
at org.apache.maven.surefire.booter.ForkedBooter.runSuitesInProcess(ForkedBooter.java:345)
at org.apache.maven.surefire.booter.ForkedBooter.execute(ForkedBooter.java:126)
at org.apache.maven.surefire.booter.ForkedBooter.main(ForkedBooter.java:418)
]]>
            </full-stacktrace>
          </exception> <!-- java.lang.AssertionError -->
          <reporter-output>
          </reporter-output>
        </test-method> <!-- PostApiDeatails -->
      </class> <!-- restAssuredApiTest.RestAssuredApi -->
      <class name="restAssuredApiTest.RestAssuredGETApi">
        <test-method signature="GetApiDetails()[pri:0, instance:restAssuredApiTest.RestAssuredGETApi@14dd9eb7]" started-at="2022-07-22T01:00:12 IST" name="GetApiDetails" finished-at="2022-07-22T01:00:13 IST" duration-ms="1127" status="PASS">
          <reporter-output>
          </reporter-output>
        </test-method> <!-- GetApiDetails -->
      </class> <!-- restAssuredApiTest.RestAssuredGETApi -->
    </test> <!-- Test -->
  </suite> <!-- Suite -->
</testng-results>
